# JRE version: Java(TM) SE Runtime Environment (8.0_144-b01) (build 1.8.0_144-b01)
# Java VM: Java HotSpot(TM) Client VM (25.144-b01 mixed mode windows-x86 )
Heap:
 def new generation   total 36288K, used 36288K [0x04a00000, 0x07150000, 0x0f4a0000)
  eden space 32320K, 100% used [0x04a00000, 0x06990000, 0x06990000)
  from space 3968K, 100% used [0x06990000, 0x06d70000, 0x06d70000)
  to   space 3968K,   0% used [0x06d70000, 0x06d70178, 0x07150000)
 tenured generation   total 80328K, used 58235K [0x0f4a0000, 0x14312000, 0x24a00000)
   the space 80328K,  72% used [0x0f4a0000, 0x12d7ed18, 0x12d7ee00, 0x14312000)
 Metaspace       used 30403K, capacity 32870K, committed 33024K, reserved 33152K
GC Heap History (10 events):
Event: 21.428 GC heap after
Heap after GC invocations=93 (full 6):
 def new generation   total 28800K, used 3136K [0x04a00000, 0x06930000, 0x0f4a0000)
  eden space 25664K,   0% used [0x04a00000, 0x04a00000, 0x06310000)
  from space 3136K, 100% used [0x06310000, 0x06620000, 0x06620000)
  to   space 3136K,   0% used [0x06620000, 0x06620000, 0x06930000)
 tenured generation   total 63600K, used 58889K [0x0f4a0000, 0x132bc000, 0x24a00000)
   the space 63600K,  92% used [0x0f4a0000, 0x12e22550, 0x12e22600, 0x132bc000)
 Metaspace       used 27396K, capacity 29766K, committed 29824K, reserved 30080K
}
Event: 23.143 GC heap before
{Heap before GC invocations=93 (full 6):
 def new generation   total 28800K, used 28800K [0x04a00000, 0x06930000, 0x0f4a0000)
  eden space 25664K, 100% used [0x04a00000, 0x06310000, 0x06310000)
  from space 3136K, 100% used [0x06310000, 0x06620000, 0x06620000)
  to   space 3136K,   0% used [0x06620000, 0x06620000, 0x06930000)
 tenured generation   total 63600K, used 58889K [0x0f4a0000, 0x132bc000, 0x24a00000)
   the space 63600K,  92% used [0x0f4a0000, 0x12e22550, 0x12e22600, 0x132bc000)
 Metaspace       used 27396K, capacity 29766K, committed 29824K, reserved 30080K
Event: 23.157 GC heap after
Heap after GC invocations=94 (full 6):
 def new generation   total 28800K, used 3136K [0x04a00000, 0x06930000, 0x0f4a0000)
  eden space 25664K,   0% used [0x04a00000, 0x04a00000, 0x06310000)
  from space 3136K, 100% used [0x06620000, 0x06930000, 0x06930000)
  to   space 3136K,   0% used [0x06310000, 0x06310000, 0x06620000)
 tenured generation   total 63600K, used 63218K [0x0f4a0000, 0x132bc000, 0x24a00000)
   the space 63600K,  99% used [0x0f4a0000, 0x1325c868, 0x1325ca00, 0x132bc000)
 Metaspace       used 27396K, capacity 29766K, committed 29824K, reserved 30080K
}
Event: 35.186 GC heap before
{Heap before GC invocations=94 (full 6):
 def new generation   total 28800K, used 28800K [0x04a00000, 0x06930000, 0x0f4a0000)
  eden space 25664K, 100% used [0x04a00000, 0x06310000, 0x06310000)
  from space 3136K, 100% used [0x06620000, 0x06930000, 0x06930000)
  to   space 3136K,   0% used [0x06310000, 0x06310000, 0x06620000)
 tenured generation   total 63600K, used 63218K [0x0f4a0000, 0x132bc000, 0x24a00000)
   the space 63600K,  99% used [0x0f4a0000, 0x1325c868, 0x1325ca00, 0x132bc000)
 Metaspace       used 28952K, capacity 31411K, committed 31488K, reserved 32128K
Event: 35.315 GC heap after
Heap after GC invocations=95 (full 7):
 def new generation   total 36288K, used 0K [0x04a00000, 0x07150000, 0x0f4a0000)
  eden space 32320K,   0% used [0x04a00000, 0x04a00000, 0x06990000)
  from space 3968K,   0% used [0x06990000, 0x06990000, 0x06d70000)
  to   space 3968K,   0% used [0x06d70000, 0x06d70000, 0x07150000)
 tenured generation   total 80328K, used 48195K [0x0f4a0000, 0x14312000, 0x24a00000)
   the space 80328K,  59% used [0x0f4a0000, 0x123b0d30, 0x123b0e00, 0x14312000)
 Metaspace       used 28938K, capacity 31394K, committed 31488K, reserved 32128K
}
Event: 48.872 GC heap before
{Heap before GC invocations=95 (full 7):
 def new generation   total 36288K, used 32320K [0x04a00000, 0x07150000, 0x0f4a0000)
  eden space 32320K, 100% used [0x04a00000, 0x06990000, 0x06990000)
  from space 3968K,   0% used [0x06990000, 0x06990000, 0x06d70000)
  to   space 3968K,   0% used [0x06d70000, 0x06d70000, 0x07150000)
 tenured generation   total 80328K, used 48195K [0x0f4a0000, 0x14312000, 0x24a00000)
   the space 80328K,  59% used [0x0f4a0000, 0x123b0d30, 0x123b0e00, 0x14312000)
 Metaspace       used 30399K, capacity 32865K, committed 33024K, reserved 33152K
Event: 48.890 GC heap after
Heap after GC invocations=96 (full 7):
 def new generation   total 36288K, used 3968K [0x04a00000, 0x07150000, 0x0f4a0000)
  eden space 32320K,   0% used [0x04a00000, 0x04a00000, 0x06990000)
  from space 3968K, 100% used [0x06d70000, 0x07150000, 0x07150000)
  to   space 3968K,   0% used [0x06990000, 0x06990000, 0x06d70000)
 tenured generation   total 80328K, used 51425K [0x0f4a0000, 0x14312000, 0x24a00000)
   the space 80328K,  64% used [0x0f4a0000, 0x126d8628, 0x126d8800, 0x14312000)
 Metaspace       used 30399K, capacity 32865K, committed 33024K, reserved 33152K
}
Event: 52.516 GC heap before
{Heap before GC invocations=96 (full 7):
 def new generation   total 36288K, used 36288K [0x04a00000, 0x07150000, 0x0f4a0000)
  eden space 32320K, 100% used [0x04a00000, 0x06990000, 0x06990000)
  from space 3968K, 100% used [0x06d70000, 0x07150000, 0x07150000)
  to   space 3968K,   0% used [0x06990000, 0x06990000, 0x06d70000)
 tenured generation   total 80328K, used 51425K [0x0f4a0000, 0x14312000, 0x24a00000)
   the space 80328K,  64% used [0x0f4a0000, 0x126d8628, 0x126d8800, 0x14312000)
 Metaspace       used 30403K, capacity 32870K, committed 33024K, reserved 33152K
Event: 52.537 GC heap after
Heap after GC invocations=97 (full 7):
 def new generation   total 36288K, used 3968K [0x04a00000, 0x07150000, 0x0f4a0000)
  eden space 32320K,   0% used [0x04a00000, 0x04a00000, 0x06990000)
  from space 3968K, 100% used [0x06990000, 0x06d70000, 0x06d70000)
  to   space 3968K,   0% used [0x06d70000, 0x06d70000, 0x07150000)
 tenured generation   total 80328K, used 58137K [0x0f4a0000, 0x14312000, 0x24a00000)
   the space 80328K,  72% used [0x0f4a0000, 0x12d66558, 0x12d66600, 0x14312000)
 Metaspace       used 30403K, capacity 32870K, committed 33024K, reserved 33152K
}
Event: 53.573 GC heap before
{Heap before GC invocations=97 (full 7):
 def new generation   total 36288K, used 36288K [0x04a00000, 0x07150000, 0x0f4a0000)
  eden space 32320K, 100% used [0x04a00000, 0x06990000, 0x06990000)
  from space 3968K, 100% used [0x06990000, 0x06d70000, 0x06d70000)
  to   space 3968K,   0% used [0x06d70000, 0x06d70000, 0x07150000)
 tenured generation   total 80328K, used 58137K [0x0f4a0000, 0x14312000, 0x24a00000)
   the space 80328K,  72% used [0x0f4a0000, 0x12d66558, 0x12d66600, 0x14312000)
 Metaspace       used 30403K, capacity 32870K, committed 33024K, reserved 33152K

