# JRE version: Java(TM) SE Runtime Environment (8.0_144-b01) (build 1.8.0_144-b01)
# Java VM: Java HotSpot(TM) Client VM (25.144-b01 mixed mode windows-x86 )
Heap:
 def new generation   total 4928K, used 3665K [0x04a00000, 0x04f50000, 0x0f4a0000)
  eden space 4416K,  72% used [0x04a00000, 0x04d1da08, 0x04e50000)
  from space 512K,  92% used [0x04e50000, 0x04ec6a00, 0x04ed0000)
  to   space 512K,   0% used [0x04ed0000, 0x04ed0000, 0x04f50000)
 tenured generation   total 10944K, used 2740K [0x0f4a0000, 0x0ff50000, 0x24a00000)
   the space 10944K,  25% used [0x0f4a0000, 0x0f74d2d0, 0x0f74d400, 0x0ff50000)
 Metaspace       used 8152K, capacity 8546K, committed 8576K, reserved 8576K
GC Heap History (8 events):
Event: 0.223 GC heap before
{Heap before GC invocations=0 (full 0):
 def new generation   total 4928K, used 4416K [0x04a00000, 0x04f50000, 0x0f4a0000)
  eden space 4416K, 100% used [0x04a00000, 0x04e50000, 0x04e50000)
  from space 512K,   0% used [0x04e50000, 0x04e50000, 0x04ed0000)
  to   space 512K,   0% used [0x04ed0000, 0x04ed0000, 0x04f50000)
 tenured generation   total 10944K, used 0K [0x0f4a0000, 0x0ff50000, 0x24a00000)
   the space 10944K,   0% used [0x0f4a0000, 0x0f4a0000, 0x0f4a0200, 0x0ff50000)
 Metaspace       used 3291K, capacity 3538K, committed 3648K, reserved 4480K
Event: 0.225 GC heap after
Heap after GC invocations=1 (full 0):
 def new generation   total 4928K, used 512K [0x04a00000, 0x04f50000, 0x0f4a0000)
  eden space 4416K,   0% used [0x04a00000, 0x04a00000, 0x04e50000)
  from space 512K, 100% used [0x04ed0000, 0x04f50000, 0x04f50000)
  to   space 512K,   0% used [0x04e50000, 0x04e50000, 0x04ed0000)
 tenured generation   total 10944K, used 180K [0x0f4a0000, 0x0ff50000, 0x24a00000)
   the space 10944K,   1% used [0x0f4a0000, 0x0f4cd380, 0x0f4cd400, 0x0ff50000)
 Metaspace       used 3291K, capacity 3538K, committed 3648K, reserved 4480K
}
Event: 0.348 GC heap before
{Heap before GC invocations=1 (full 0):
 def new generation   total 4928K, used 4682K [0x04a00000, 0x04f50000, 0x0f4a0000)
  eden space 4416K,  94% used [0x04a00000, 0x04e12888, 0x04e50000)
  from space 512K, 100% used [0x04ed0000, 0x04f50000, 0x04f50000)
  to   space 512K,   0% used [0x04e50000, 0x04e50000, 0x04ed0000)
 tenured generation   total 10944K, used 180K [0x0f4a0000, 0x0ff50000, 0x24a00000)
   the space 10944K,   1% used [0x0f4a0000, 0x0f4cd380, 0x0f4cd400, 0x0ff50000)
 Metaspace       used 5386K, capacity 5691K, committed 5760K, reserved 6528K
Event: 0.351 GC heap after
Heap after GC invocations=2 (full 0):
 def new generation   total 4928K, used 377K [0x04a00000, 0x04f50000, 0x0f4a0000)
  eden space 4416K,   0% used [0x04a00000, 0x04a00000, 0x04e50000)
  from space 512K,  73% used [0x04e50000, 0x04eae690, 0x04ed0000)
  to   space 512K,   0% used [0x04ed0000, 0x04ed0000, 0x04f50000)
 tenured generation   total 10944K, used 1132K [0x0f4a0000, 0x0ff50000, 0x24a00000)
   the space 10944K,  10% used [0x0f4a0000, 0x0f5bb118, 0x0f5bb200, 0x0ff50000)
 Metaspace       used 5386K, capacity 5691K, committed 5760K, reserved 6528K
}
Event: 0.445 GC heap before
{Heap before GC invocations=2 (full 0):
 def new generation   total 4928K, used 4793K [0x04a00000, 0x04f50000, 0x0f4a0000)
  eden space 4416K, 100% used [0x04a00000, 0x04e50000, 0x04e50000)
  from space 512K,  73% used [0x04e50000, 0x04eae690, 0x04ed0000)
  to   space 512K,   0% used [0x04ed0000, 0x04ed0000, 0x04f50000)
 tenured generation   total 10944K, used 1132K [0x0f4a0000, 0x0ff50000, 0x24a00000)
   the space 10944K,  10% used [0x0f4a0000, 0x0f5bb118, 0x0f5bb200, 0x0ff50000)
 Metaspace       used 6330K, capacity 6654K, committed 6656K, reserved 7552K
Event: 0.447 GC heap after
Heap after GC invocations=3 (full 0):
 def new generation   total 4928K, used 512K [0x04a00000, 0x04f50000, 0x0f4a0000)
  eden space 4416K,   0% used [0x04a00000, 0x04a00000, 0x04e50000)
  from space 512K, 100% used [0x04ed0000, 0x04f50000, 0x04f50000)
  to   space 512K,   0% used [0x04e50000, 0x04e50000, 0x04ed0000)
 tenured generation   total 10944K, used 2397K [0x0f4a0000, 0x0ff50000, 0x24a00000)
   the space 10944K,  21% used [0x0f4a0000, 0x0f6f7518, 0x0f6f7600, 0x0ff50000)
 Metaspace       used 6330K, capacity 6654K, committed 6656K, reserved 7552K
}
Event: 0.622 GC heap before
{Heap before GC invocations=3 (full 0):
 def new generation   total 4928K, used 4928K [0x04a00000, 0x04f50000, 0x0f4a0000)
  eden space 4416K, 100% used [0x04a00000, 0x04e50000, 0x04e50000)
  from space 512K, 100% used [0x04ed0000, 0x04f50000, 0x04f50000)
  to   space 512K,   0% used [0x04e50000, 0x04e50000, 0x04ed0000)
 tenured generation   total 10944K, used 2397K [0x0f4a0000, 0x0ff50000, 0x24a00000)
   the space 10944K,  21% used [0x0f4a0000, 0x0f6f7518, 0x0f6f7600, 0x0ff50000)
 Metaspace       used 7382K, capacity 7723K, committed 7808K, reserved 8576K
Event: 0.625 GC heap after
Heap after GC invocations=4 (full 0):
 def new generation   total 4928K, used 474K [0x04a00000, 0x04f50000, 0x0f4a0000)
  eden space 4416K,   0% used [0x04a00000, 0x04a00000, 0x04e50000)
  from space 512K,  92% used [0x04e50000, 0x04ec6a00, 0x04ed0000)
  to   space 512K,   0% used [0x04ed0000, 0x04ed0000, 0x04f50000)
 tenured generation   total 10944K, used 2740K [0x0f4a0000, 0x0ff50000, 0x24a00000)
   the space 10944K,  25% used [0x0f4a0000, 0x0f74d2d0, 0x0f74d400, 0x0ff50000)
 Metaspace       used 7382K, capacity 7723K, committed 7808K, reserved 8576K
}

